c:\users\jessi\documents\visual studio 2015\projects\jelly square\jelly square\x64\release\simnode.obj
c:\users\jessi\documents\visual studio 2015\projects\jelly square\jelly square\x64\release\simelement.obj
c:\users\jessi\documents\visual studio 2015\projects\jelly square\jelly square\x64\release\simconnection.obj
c:\users\jessi\documents\visual studio 2015\projects\jelly square\jelly square\x64\release\main.obj
c:\users\jessi\documents\visual studio 2015\projects\jelly square\jelly square\x64\release\jellysquare.obj
c:\users\jessi\documents\visual studio 2015\projects\jelly square\jelly square\x64\release\moc_simnode.obj
c:\users\jessi\documents\visual studio 2015\projects\jelly square\jelly square\x64\release\moc_simelement.obj
c:\users\jessi\documents\visual studio 2015\projects\jelly square\jelly square\x64\release\moc_simconnection.obj
c:\users\jessi\documents\visual studio 2015\projects\jelly square\jelly square\x64\release\moc_jellysquare.obj
c:\users\jessi\documents\visual studio 2015\projects\jelly square\jelly square\x64\release\moc_customrender.obj
c:\users\jessi\documents\visual studio 2015\projects\jelly square\jelly square\x64\release\customrender.obj
c:\users\jessi\documents\visual studio 2015\projects\jelly square\jelly square\x64\release\qrc_jellysquare.obj
c:\users\jessi\documents\visual studio 2015\projects\jelly square\jelly square\generatedfiles\release\moc_jellysquare.cpp
c:\users\jessi\documents\visual studio 2015\projects\jelly square\jelly square\generatedfiles\ui_jellysquare.h
c:\users\jessi\documents\visual studio 2015\projects\jelly square\jelly square\generatedfiles\release\moc_simelement.cpp
c:\users\jessi\documents\visual studio 2015\projects\jelly square\jelly square\generatedfiles\release\moc_simconnection.cpp
c:\users\jessi\documents\visual studio 2015\projects\jelly square\jelly square\generatedfiles\release\moc_simnode.cpp
c:\users\jessi\documents\visual studio 2015\projects\jelly square\jelly square\generatedfiles\release\moc_customrender.cpp
c:\users\jessi\documents\visual studio 2015\projects\jelly square\jelly square\generatedfiles\qrc_jellysquare.cpp
c:\users\jessi\documents\visual studio 2015\projects\jelly square\x64\release\jelly square.exe
c:\users\jessi\documents\visual studio 2015\projects\jelly square\jelly square\x64\release\jelly square.tlog\cl.command.1.tlog
c:\users\jessi\documents\visual studio 2015\projects\jelly square\jelly square\x64\release\jelly square.tlog\cl.read.1.tlog
c:\users\jessi\documents\visual studio 2015\projects\jelly square\jelly square\x64\release\jelly square.tlog\cl.write.1.tlog
c:\users\jessi\documents\visual studio 2015\projects\jelly square\jelly square\x64\release\jelly square.tlog\custombuild.command.1.tlog
c:\users\jessi\documents\visual studio 2015\projects\jelly square\jelly square\x64\release\jelly square.tlog\custombuild.read.1.tlog
c:\users\jessi\documents\visual studio 2015\projects\jelly square\jelly square\x64\release\jelly square.tlog\custombuild.write.1.tlog
c:\users\jessi\documents\visual studio 2015\projects\jelly square\jelly square\x64\release\jelly square.tlog\link.command.1.tlog
c:\users\jessi\documents\visual studio 2015\projects\jelly square\jelly square\x64\release\jelly square.tlog\link.read.1.tlog
c:\users\jessi\documents\visual studio 2015\projects\jelly square\jelly square\x64\release\jelly square.tlog\link.write.1.tlog
